<?xml version="1.0" encoding="UTF-8"?>
<testsuite xmlns:xsi="http://www.w3.org/2001/XMLSchema-instance" xsi:noNamespaceSchemaLocation="https://maven.apache.org/surefire/maven-surefire-plugin/xsd/surefire-test-report.xsd" name="SHOULD BE ABLE TO SORT PRODUCT" time="75.529" tests="2" errors="1" skipped="0" failures="1">
  <properties>
    <property name="sun.desktop" value="windows"/>
    <property name="awt.toolkit" value="sun.awt.windows.WToolkit"/>
    <property name="file.encoding.pkg" value="sun.io"/>
    <property name="java.specification.version" value="1.8"/>
    <property name="webdriver.chrome.driver" value="C:\Users\sball\.m2\repository\webdriver\chromedriver\win32\79.0.3945.36\chromedriver.exe"/>
    <property name="sun.cpu.isalist" value="amd64"/>
    <property name="sun.jnu.encoding" value="Cp1252"/>
    <property name="java.class.path" value="C:\Users\sball\IdeaProjects\next\target\test-classes;C:\Users\sball\IdeaProjects\next\target\classes;C:\Users\sball\.m2\repository\org\seleniumhq\selenium\selenium-java\3.141.59\selenium-java-3.141.59.jar;C:\Users\sball\.m2\repository\org\seleniumhq\selenium\selenium-api\3.141.59\selenium-api-3.141.59.jar;C:\Users\sball\.m2\repository\org\seleniumhq\selenium\selenium-chrome-driver\3.141.59\selenium-chrome-driver-3.141.59.jar;C:\Users\sball\.m2\repository\org\seleniumhq\selenium\selenium-edge-driver\3.141.59\selenium-edge-driver-3.141.59.jar;C:\Users\sball\.m2\repository\org\seleniumhq\selenium\selenium-firefox-driver\3.141.59\selenium-firefox-driver-3.141.59.jar;C:\Users\sball\.m2\repository\org\seleniumhq\selenium\selenium-ie-driver\3.141.59\selenium-ie-driver-3.141.59.jar;C:\Users\sball\.m2\repository\org\seleniumhq\selenium\selenium-opera-driver\3.141.59\selenium-opera-driver-3.141.59.jar;C:\Users\sball\.m2\repository\org\seleniumhq\selenium\selenium-remote-driver\3.141.59\selenium-remote-driver-3.141.59.jar;C:\Users\sball\.m2\repository\org\seleniumhq\selenium\selenium-safari-driver\3.141.59\selenium-safari-driver-3.141.59.jar;C:\Users\sball\.m2\repository\org\seleniumhq\selenium\selenium-support\3.141.59\selenium-support-3.141.59.jar;C:\Users\sball\.m2\repository\net\bytebuddy\byte-buddy\1.8.15\byte-buddy-1.8.15.jar;C:\Users\sball\.m2\repository\org\apache\commons\commons-exec\1.3\commons-exec-1.3.jar;C:\Users\sball\.m2\repository\com\google\guava\guava\25.0-jre\guava-25.0-jre.jar;C:\Users\sball\.m2\repository\com\google\code\findbugs\jsr305\1.3.9\jsr305-1.3.9.jar;C:\Users\sball\.m2\repository\org\checkerframework\checker-compat-qual\2.0.0\checker-compat-qual-2.0.0.jar;C:\Users\sball\.m2\repository\com\google\errorprone\error_prone_annotations\2.1.3\error_prone_annotations-2.1.3.jar;C:\Users\sball\.m2\repository\com\google\j2objc\j2objc-annotations\1.1\j2objc-annotations-1.1.jar;C:\Users\sball\.m2\repository\org\codehaus\mojo\animal-sniffer-annotations\1.14\animal-sniffer-annotations-1.14.jar;C:\Users\sball\.m2\repository\com\squareup\okhttp3\okhttp\3.11.0\okhttp-3.11.0.jar;C:\Users\sball\.m2\repository\com\squareup\okio\okio\1.14.0\okio-1.14.0.jar;C:\Users\sball\.m2\repository\io\cucumber\cucumber-java\4.2.0\cucumber-java-4.2.0.jar;C:\Users\sball\.m2\repository\io\cucumber\cucumber-core\4.2.0\cucumber-core-4.2.0.jar;C:\Users\sball\.m2\repository\io\cucumber\cucumber-html\0.2.7\cucumber-html-0.2.7.jar;C:\Users\sball\.m2\repository\io\cucumber\gherkin\5.1.0\gherkin-5.1.0.jar;C:\Users\sball\.m2\repository\io\cucumber\tag-expressions\1.1.1\tag-expressions-1.1.1.jar;C:\Users\sball\.m2\repository\io\cucumber\cucumber-expressions\6.2.0\cucumber-expressions-6.2.0.jar;C:\Users\sball\.m2\repository\io\cucumber\datatable\1.1.7\datatable-1.1.7.jar;C:\Users\sball\.m2\repository\io\cucumber\datatable-dependencies\1.1.7\datatable-dependencies-1.1.7.jar;C:\Users\sball\.m2\repository\io\cucumber\cucumber-junit\4.2.0\cucumber-junit-4.2.0.jar;C:\Users\sball\.m2\repository\junit\junit\4.12\junit-4.12.jar;C:\Users\sball\.m2\repository\io\github\bonigarcia\webdrivermanager\3.7.0\webdrivermanager-3.7.0.jar;C:\Users\sball\.m2\repository\org\slf4j\slf4j-api\1.7.25\slf4j-api-1.7.25.jar;C:\Users\sball\.m2\repository\commons-io\commons-io\2.6\commons-io-2.6.jar;C:\Users\sball\.m2\repository\com\google\code\gson\gson\2.8.5\gson-2.8.5.jar;C:\Users\sball\.m2\repository\org\apache\commons\commons-lang3\3.8.1\commons-lang3-3.8.1.jar;C:\Users\sball\.m2\repository\org\apache\httpcomponents\httpclient\4.5.6\httpclient-4.5.6.jar;C:\Users\sball\.m2\repository\org\apache\httpcomponents\httpcore\4.4.10\httpcore-4.4.10.jar;C:\Users\sball\.m2\repository\commons-logging\commons-logging\1.2\commons-logging-1.2.jar;C:\Users\sball\.m2\repository\commons-codec\commons-codec\1.10\commons-codec-1.10.jar;C:\Users\sball\.m2\repository\org\rauschig\jarchivelib\1.0.0\jarchivelib-1.0.0.jar;C:\Users\sball\.m2\repository\org\apache\commons\commons-compress\1.18\commons-compress-1.18.jar;C:\Users\sball\.m2\repository\org\jsoup\jsoup\1.11.3\jsoup-1.11.3.jar;C:\Users\sball\.m2\repository\org\hamcrest\java-hamcrest\2.0.0.0\java-hamcrest-2.0.0.0.jar;C:\Users\sball\.m2\repository\org\hamcrest\hamcrest-library\1.3\hamcrest-library-1.3.jar;C:\Users\sball\.m2\repository\org\hamcrest\hamcrest-core\1.3\hamcrest-core-1.3.jar;C:\Users\sball\.m2\repository\info\cukes\cucumber-picocontainer\1.2.5\cucumber-picocontainer-1.2.5.jar;C:\Users\sball\.m2\repository\info\cukes\cucumber-java\1.2.5\cucumber-java-1.2.5.jar;C:\Users\sball\.m2\repository\info\cukes\cucumber-core\1.2.5\cucumber-core-1.2.5.jar;C:\Users\sball\.m2\repository\info\cukes\cucumber-html\0.2.3\cucumber-html-0.2.3.jar;C:\Users\sball\.m2\repository\info\cukes\cucumber-jvm-deps\1.0.5\cucumber-jvm-deps-1.0.5.jar;C:\Users\sball\.m2\repository\info\cukes\gherkin\2.12.2\gherkin-2.12.2.jar;C:\Users\sball\.m2\repository\org\picocontainer\picocontainer\2.15\picocontainer-2.15.jar;C:\Users\sball\.m2\repository\log4j\log4j\1.2.17\log4j-1.2.17.jar;C:\Users\sball\.m2\repository\org\slf4j\slf4j-nop\1.7.28\slf4j-nop-1.7.28.jar;C:\Users\sball\.m2\repository\mysql\mysql-connector-java\8.0.18\mysql-connector-java-8.0.18.jar;C:\Users\sball\.m2\repository\com\google\protobuf\protobuf-java\3.6.1\protobuf-java-3.6.1.jar;C:\Users\sball\.m2\repository\org\seleniumhq\selenium\htmlunit-driver\2.24\htmlunit-driver-2.24.jar;C:\Users\sball\.m2\repository\net\sourceforge\htmlunit\htmlunit\2.24\htmlunit-2.24.jar;C:\Users\sball\.m2\repository\xalan\xalan\2.7.2\xalan-2.7.2.jar;C:\Users\sball\.m2\repository\xalan\serializer\2.7.2\serializer-2.7.2.jar;C:\Users\sball\.m2\repository\net\sourceforge\htmlunit\htmlunit-core-js\2.23\htmlunit-core-js-2.23.jar;C:\Users\sball\.m2\repository\net\sourceforge\htmlunit\neko-htmlunit\2.24\neko-htmlunit-2.24.jar;C:\Users\sball\.m2\repository\xerces\xercesImpl\2.11.0\xercesImpl-2.11.0.jar;C:\Users\sball\.m2\repository\xml-apis\xml-apis\1.4.01\xml-apis-1.4.01.jar;C:\Users\sball\.m2\repository\net\sourceforge\cssparser\cssparser\0.9.21\cssparser-0.9.21.jar;C:\Users\sball\.m2\repository\org\w3c\css\sac\1.3\sac-1.3.jar;C:\Users\sball\.m2\repository\org\eclipse\jetty\websocket\websocket-client\9.2.20.v20161216\websocket-client-9.2.20.v20161216.jar;C:\Users\sball\.m2\repository\org\eclipse\jetty\jetty-util\9.2.20.v20161216\jetty-util-9.2.20.v20161216.jar;C:\Users\sball\.m2\repository\org\eclipse\jetty\jetty-io\9.2.20.v20161216\jetty-io-9.2.20.v20161216.jar;C:\Users\sball\.m2\repository\org\eclipse\jetty\websocket\websocket-common\9.2.20.v20161216\websocket-common-9.2.20.v20161216.jar;C:\Users\sball\.m2\repository\org\eclipse\jetty\websocket\websocket-api\9.2.20.v20161216\websocket-api-9.2.20.v20161216.jar;C:\Users\sball\.m2\repository\io\rest-assured\rest-assured\4.1.2\rest-assured-4.1.2.jar;C:\Users\sball\.m2\repository\org\codehaus\groovy\groovy\2.5.8\groovy-2.5.8.jar;C:\Users\sball\.m2\repository\org\codehaus\groovy\groovy-xml\2.5.8\groovy-xml-2.5.8.jar;C:\Users\sball\.m2\repository\org\apache\httpcomponents\httpmime\4.5.3\httpmime-4.5.3.jar;C:\Users\sball\.m2\repository\org\hamcrest\hamcrest\2.1\hamcrest-2.1.jar;C:\Users\sball\.m2\repository\org\ccil\cowan\tagsoup\tagsoup\1.2.1\tagsoup-1.2.1.jar;C:\Users\sball\.m2\repository\io\rest-assured\json-path\4.1.2\json-path-4.1.2.jar;C:\Users\sball\.m2\repository\org\codehaus\groovy\groovy-json\2.5.8\groovy-json-2.5.8.jar;C:\Users\sball\.m2\repository\io\rest-assured\rest-assured-common\4.1.2\rest-assured-common-4.1.2.jar;C:\Users\sball\.m2\repository\io\rest-assured\xml-path\4.1.2\xml-path-4.1.2.jar;C:\Users\sball\.m2\repository\javax\xml\bind\jaxb-api\2.3.1\jaxb-api-2.3.1.jar;C:\Users\sball\.m2\repository\javax\activation\javax.activation-api\1.2.0\javax.activation-api-1.2.0.jar;C:\Users\sball\.m2\repository\com\sun\xml\bind\jaxb-osgi\2.3.0.1\jaxb-osgi-2.3.0.1.jar;C:\Users\sball\.m2\repository\org\apache\sling\org.apache.sling.javax.activation\0.1.0\org.apache.sling.javax.activation-0.1.0.jar;C:\Users\sball\.m2\repository\javax\activation\activation\1.1.1\activation-1.1.1.jar;C:\Users\sball\.m2\repository\io\rest-assured\json-schema-validator\4.1.2\json-schema-validator-4.1.2.jar;C:\Users\sball\.m2\repository\com\github\java-json-tools\json-schema-validator\2.2.10\json-schema-validator-2.2.10.jar;C:\Users\sball\.m2\repository\com\github\java-json-tools\json-schema-core\1.2.10\json-schema-core-1.2.10.jar;C:\Users\sball\.m2\repository\com\github\java-json-tools\jackson-coreutils\1.9\jackson-coreutils-1.9.jar;C:\Users\sball\.m2\repository\com\github\fge\msg-simple\1.1\msg-simple-1.1.jar;C:\Users\sball\.m2\repository\com\github\fge\btf\1.2\btf-1.2.jar;C:\Users\sball\.m2\repository\com\github\fge\uri-template\0.9\uri-template-0.9.jar;C:\Users\sball\.m2\repository\org\mozilla\rhino\1.7.7.1\rhino-1.7.7.1.jar;C:\Users\sball\.m2\repository\javax\mail\mailapi\1.4.3\mailapi-1.4.3.jar;C:\Users\sball\.m2\repository\joda-time\joda-time\2.9.7\joda-time-2.9.7.jar;C:\Users\sball\.m2\repository\com\googlecode\libphonenumber\libphonenumber\8.0.0\libphonenumber-8.0.0.jar;C:\Users\sball\.m2\repository\net\sf\jopt-simple\jopt-simple\5.0.3\jopt-simple-5.0.3.jar;C:\Users\sball\.m2\repository\com\fasterxml\jackson\core\jackson-annotations\2.9.9\jackson-annotations-2.9.9.jar;C:\Users\sball\.m2\repository\com\fasterxml\jackson\core\jackson-databind\2.9.9\jackson-databind-2.9.9.jar;C:\Users\sball\.m2\repository\com\fasterxml\jackson\core\jackson-core\2.9.9\jackson-core-2.9.9.jar;"/>
    <property name="type" value="webUI"/>
    <property name="java.vm.vendor" value="Oracle Corporation"/>
    <property name="sun.arch.data.model" value="64"/>
    <property name="user.variant" value=""/>
    <property name="java.vendor.url" value="http://java.oracle.com/"/>
    <property name="user.timezone" value="Europe/London"/>
    <property name="java.vm.specification.version" value="1.8"/>
    <property name="os.name" value="Windows 10"/>
    <property name="user.country" value="GB"/>
    <property name="sun.java.launcher" value="SUN_STANDARD"/>
    <property name="sun.boot.library.path" value="C:\Program Files\Java\jdk1.8.0_221\jre\bin"/>
    <property name="sun.java.command" value="C:\Users\sball\AppData\Local\Temp\surefire5877304643071500314\surefirebooter2812490026827632647.jar C:\Users\sball\AppData\Local\Temp\surefire5877304643071500314 2019-12-27T17-51-35_346-jvmRun1 surefire7189769242497331413tmp surefire_01826162092513130558tmp"/>
    <property name="surefire.test.class.path" value="C:\Users\sball\IdeaProjects\next\target\test-classes;C:\Users\sball\IdeaProjects\next\target\classes;C:\Users\sball\.m2\repository\org\seleniumhq\selenium\selenium-java\3.141.59\selenium-java-3.141.59.jar;C:\Users\sball\.m2\repository\org\seleniumhq\selenium\selenium-api\3.141.59\selenium-api-3.141.59.jar;C:\Users\sball\.m2\repository\org\seleniumhq\selenium\selenium-chrome-driver\3.141.59\selenium-chrome-driver-3.141.59.jar;C:\Users\sball\.m2\repository\org\seleniumhq\selenium\selenium-edge-driver\3.141.59\selenium-edge-driver-3.141.59.jar;C:\Users\sball\.m2\repository\org\seleniumhq\selenium\selenium-firefox-driver\3.141.59\selenium-firefox-driver-3.141.59.jar;C:\Users\sball\.m2\repository\org\seleniumhq\selenium\selenium-ie-driver\3.141.59\selenium-ie-driver-3.141.59.jar;C:\Users\sball\.m2\repository\org\seleniumhq\selenium\selenium-opera-driver\3.141.59\selenium-opera-driver-3.141.59.jar;C:\Users\sball\.m2\repository\org\seleniumhq\selenium\selenium-remote-driver\3.141.59\selenium-remote-driver-3.141.59.jar;C:\Users\sball\.m2\repository\org\seleniumhq\selenium\selenium-safari-driver\3.141.59\selenium-safari-driver-3.141.59.jar;C:\Users\sball\.m2\repository\org\seleniumhq\selenium\selenium-support\3.141.59\selenium-support-3.141.59.jar;C:\Users\sball\.m2\repository\net\bytebuddy\byte-buddy\1.8.15\byte-buddy-1.8.15.jar;C:\Users\sball\.m2\repository\org\apache\commons\commons-exec\1.3\commons-exec-1.3.jar;C:\Users\sball\.m2\repository\com\google\guava\guava\25.0-jre\guava-25.0-jre.jar;C:\Users\sball\.m2\repository\com\google\code\findbugs\jsr305\1.3.9\jsr305-1.3.9.jar;C:\Users\sball\.m2\repository\org\checkerframework\checker-compat-qual\2.0.0\checker-compat-qual-2.0.0.jar;C:\Users\sball\.m2\repository\com\google\errorprone\error_prone_annotations\2.1.3\error_prone_annotations-2.1.3.jar;C:\Users\sball\.m2\repository\com\google\j2objc\j2objc-annotations\1.1\j2objc-annotations-1.1.jar;C:\Users\sball\.m2\repository\org\codehaus\mojo\animal-sniffer-annotations\1.14\animal-sniffer-annotations-1.14.jar;C:\Users\sball\.m2\repository\com\squareup\okhttp3\okhttp\3.11.0\okhttp-3.11.0.jar;C:\Users\sball\.m2\repository\com\squareup\okio\okio\1.14.0\okio-1.14.0.jar;C:\Users\sball\.m2\repository\io\cucumber\cucumber-java\4.2.0\cucumber-java-4.2.0.jar;C:\Users\sball\.m2\repository\io\cucumber\cucumber-core\4.2.0\cucumber-core-4.2.0.jar;C:\Users\sball\.m2\repository\io\cucumber\cucumber-html\0.2.7\cucumber-html-0.2.7.jar;C:\Users\sball\.m2\repository\io\cucumber\gherkin\5.1.0\gherkin-5.1.0.jar;C:\Users\sball\.m2\repository\io\cucumber\tag-expressions\1.1.1\tag-expressions-1.1.1.jar;C:\Users\sball\.m2\repository\io\cucumber\cucumber-expressions\6.2.0\cucumber-expressions-6.2.0.jar;C:\Users\sball\.m2\repository\io\cucumber\datatable\1.1.7\datatable-1.1.7.jar;C:\Users\sball\.m2\repository\io\cucumber\datatable-dependencies\1.1.7\datatable-dependencies-1.1.7.jar;C:\Users\sball\.m2\repository\io\cucumber\cucumber-junit\4.2.0\cucumber-junit-4.2.0.jar;C:\Users\sball\.m2\repository\junit\junit\4.12\junit-4.12.jar;C:\Users\sball\.m2\repository\io\github\bonigarcia\webdrivermanager\3.7.0\webdrivermanager-3.7.0.jar;C:\Users\sball\.m2\repository\org\slf4j\slf4j-api\1.7.25\slf4j-api-1.7.25.jar;C:\Users\sball\.m2\repository\commons-io\commons-io\2.6\commons-io-2.6.jar;C:\Users\sball\.m2\repository\com\google\code\gson\gson\2.8.5\gson-2.8.5.jar;C:\Users\sball\.m2\repository\org\apache\commons\commons-lang3\3.8.1\commons-lang3-3.8.1.jar;C:\Users\sball\.m2\repository\org\apache\httpcomponents\httpclient\4.5.6\httpclient-4.5.6.jar;C:\Users\sball\.m2\repository\org\apache\httpcomponents\httpcore\4.4.10\httpcore-4.4.10.jar;C:\Users\sball\.m2\repository\commons-logging\commons-logging\1.2\commons-logging-1.2.jar;C:\Users\sball\.m2\repository\commons-codec\commons-codec\1.10\commons-codec-1.10.jar;C:\Users\sball\.m2\repository\org\rauschig\jarchivelib\1.0.0\jarchivelib-1.0.0.jar;C:\Users\sball\.m2\repository\org\apache\commons\commons-compress\1.18\commons-compress-1.18.jar;C:\Users\sball\.m2\repository\org\jsoup\jsoup\1.11.3\jsoup-1.11.3.jar;C:\Users\sball\.m2\repository\org\hamcrest\java-hamcrest\2.0.0.0\java-hamcrest-2.0.0.0.jar;C:\Users\sball\.m2\repository\org\hamcrest\hamcrest-library\1.3\hamcrest-library-1.3.jar;C:\Users\sball\.m2\repository\org\hamcrest\hamcrest-core\1.3\hamcrest-core-1.3.jar;C:\Users\sball\.m2\repository\info\cukes\cucumber-picocontainer\1.2.5\cucumber-picocontainer-1.2.5.jar;C:\Users\sball\.m2\repository\info\cukes\cucumber-java\1.2.5\cucumber-java-1.2.5.jar;C:\Users\sball\.m2\repository\info\cukes\cucumber-core\1.2.5\cucumber-core-1.2.5.jar;C:\Users\sball\.m2\repository\info\cukes\cucumber-html\0.2.3\cucumber-html-0.2.3.jar;C:\Users\sball\.m2\repository\info\cukes\cucumber-jvm-deps\1.0.5\cucumber-jvm-deps-1.0.5.jar;C:\Users\sball\.m2\repository\info\cukes\gherkin\2.12.2\gherkin-2.12.2.jar;C:\Users\sball\.m2\repository\org\picocontainer\picocontainer\2.15\picocontainer-2.15.jar;C:\Users\sball\.m2\repository\log4j\log4j\1.2.17\log4j-1.2.17.jar;C:\Users\sball\.m2\repository\org\slf4j\slf4j-nop\1.7.28\slf4j-nop-1.7.28.jar;C:\Users\sball\.m2\repository\mysql\mysql-connector-java\8.0.18\mysql-connector-java-8.0.18.jar;C:\Users\sball\.m2\repository\com\google\protobuf\protobuf-java\3.6.1\protobuf-java-3.6.1.jar;C:\Users\sball\.m2\repository\org\seleniumhq\selenium\htmlunit-driver\2.24\htmlunit-driver-2.24.jar;C:\Users\sball\.m2\repository\net\sourceforge\htmlunit\htmlunit\2.24\htmlunit-2.24.jar;C:\Users\sball\.m2\repository\xalan\xalan\2.7.2\xalan-2.7.2.jar;C:\Users\sball\.m2\repository\xalan\serializer\2.7.2\serializer-2.7.2.jar;C:\Users\sball\.m2\repository\net\sourceforge\htmlunit\htmlunit-core-js\2.23\htmlunit-core-js-2.23.jar;C:\Users\sball\.m2\repository\net\sourceforge\htmlunit\neko-htmlunit\2.24\neko-htmlunit-2.24.jar;C:\Users\sball\.m2\repository\xerces\xercesImpl\2.11.0\xercesImpl-2.11.0.jar;C:\Users\sball\.m2\repository\xml-apis\xml-apis\1.4.01\xml-apis-1.4.01.jar;C:\Users\sball\.m2\repository\net\sourceforge\cssparser\cssparser\0.9.21\cssparser-0.9.21.jar;C:\Users\sball\.m2\repository\org\w3c\css\sac\1.3\sac-1.3.jar;C:\Users\sball\.m2\repository\org\eclipse\jetty\websocket\websocket-client\9.2.20.v20161216\websocket-client-9.2.20.v20161216.jar;C:\Users\sball\.m2\repository\org\eclipse\jetty\jetty-util\9.2.20.v20161216\jetty-util-9.2.20.v20161216.jar;C:\Users\sball\.m2\repository\org\eclipse\jetty\jetty-io\9.2.20.v20161216\jetty-io-9.2.20.v20161216.jar;C:\Users\sball\.m2\repository\org\eclipse\jetty\websocket\websocket-common\9.2.20.v20161216\websocket-common-9.2.20.v20161216.jar;C:\Users\sball\.m2\repository\org\eclipse\jetty\websocket\websocket-api\9.2.20.v20161216\websocket-api-9.2.20.v20161216.jar;C:\Users\sball\.m2\repository\io\rest-assured\rest-assured\4.1.2\rest-assured-4.1.2.jar;C:\Users\sball\.m2\repository\org\codehaus\groovy\groovy\2.5.8\groovy-2.5.8.jar;C:\Users\sball\.m2\repository\org\codehaus\groovy\groovy-xml\2.5.8\groovy-xml-2.5.8.jar;C:\Users\sball\.m2\repository\org\apache\httpcomponents\httpmime\4.5.3\httpmime-4.5.3.jar;C:\Users\sball\.m2\repository\org\hamcrest\hamcrest\2.1\hamcrest-2.1.jar;C:\Users\sball\.m2\repository\org\ccil\cowan\tagsoup\tagsoup\1.2.1\tagsoup-1.2.1.jar;C:\Users\sball\.m2\repository\io\rest-assured\json-path\4.1.2\json-path-4.1.2.jar;C:\Users\sball\.m2\repository\org\codehaus\groovy\groovy-json\2.5.8\groovy-json-2.5.8.jar;C:\Users\sball\.m2\repository\io\rest-assured\rest-assured-common\4.1.2\rest-assured-common-4.1.2.jar;C:\Users\sball\.m2\repository\io\rest-assured\xml-path\4.1.2\xml-path-4.1.2.jar;C:\Users\sball\.m2\repository\javax\xml\bind\jaxb-api\2.3.1\jaxb-api-2.3.1.jar;C:\Users\sball\.m2\repository\javax\activation\javax.activation-api\1.2.0\javax.activation-api-1.2.0.jar;C:\Users\sball\.m2\repository\com\sun\xml\bind\jaxb-osgi\2.3.0.1\jaxb-osgi-2.3.0.1.jar;C:\Users\sball\.m2\repository\org\apache\sling\org.apache.sling.javax.activation\0.1.0\org.apache.sling.javax.activation-0.1.0.jar;C:\Users\sball\.m2\repository\javax\activation\activation\1.1.1\activation-1.1.1.jar;C:\Users\sball\.m2\repository\io\rest-assured\json-schema-validator\4.1.2\json-schema-validator-4.1.2.jar;C:\Users\sball\.m2\repository\com\github\java-json-tools\json-schema-validator\2.2.10\json-schema-validator-2.2.10.jar;C:\Users\sball\.m2\repository\com\github\java-json-tools\json-schema-core\1.2.10\json-schema-core-1.2.10.jar;C:\Users\sball\.m2\repository\com\github\java-json-tools\jackson-coreutils\1.9\jackson-coreutils-1.9.jar;C:\Users\sball\.m2\repository\com\github\fge\msg-simple\1.1\msg-simple-1.1.jar;C:\Users\sball\.m2\repository\com\github\fge\btf\1.2\btf-1.2.jar;C:\Users\sball\.m2\repository\com\github\fge\uri-template\0.9\uri-template-0.9.jar;C:\Users\sball\.m2\repository\org\mozilla\rhino\1.7.7.1\rhino-1.7.7.1.jar;C:\Users\sball\.m2\repository\javax\mail\mailapi\1.4.3\mailapi-1.4.3.jar;C:\Users\sball\.m2\repository\joda-time\joda-time\2.9.7\joda-time-2.9.7.jar;C:\Users\sball\.m2\repository\com\googlecode\libphonenumber\libphonenumber\8.0.0\libphonenumber-8.0.0.jar;C:\Users\sball\.m2\repository\net\sf\jopt-simple\jopt-simple\5.0.3\jopt-simple-5.0.3.jar;C:\Users\sball\.m2\repository\com\fasterxml\jackson\core\jackson-annotations\2.9.9\jackson-annotations-2.9.9.jar;C:\Users\sball\.m2\repository\com\fasterxml\jackson\core\jackson-databind\2.9.9\jackson-databind-2.9.9.jar;C:\Users\sball\.m2\repository\com\fasterxml\jackson\core\jackson-core\2.9.9\jackson-core-2.9.9.jar;"/>
    <property name="sun.cpu.endian" value="little"/>
    <property name="user.home" value="C:\Users\sball"/>
    <property name="user.language" value="en"/>
    <property name="java.specification.vendor" value="Oracle Corporation"/>
    <property name="java.home" value="C:\Program Files\Java\jdk1.8.0_221\jre"/>
    <property name="basedir" value="C:\Users\sball\IdeaProjects\next"/>
    <property name="file.separator" value="\"/>
    <property name="line.separator" value="&#10;"/>
    <property name="java.vm.specification.vendor" value="Oracle Corporation"/>
    <property name="java.specification.name" value="Java Platform API Specification"/>
    <property name="java.awt.graphicsenv" value="sun.awt.Win32GraphicsEnvironment"/>
    <property name="surefire.real.class.path" value="C:\Users\sball\AppData\Local\Temp\surefire5877304643071500314\surefirebooter2812490026827632647.jar"/>
    <property name="sun.boot.class.path" value="C:\Program Files\Java\jdk1.8.0_221\jre\lib\resources.jar;C:\Program Files\Java\jdk1.8.0_221\jre\lib\rt.jar;C:\Program Files\Java\jdk1.8.0_221\jre\lib\sunrsasign.jar;C:\Program Files\Java\jdk1.8.0_221\jre\lib\jsse.jar;C:\Program Files\Java\jdk1.8.0_221\jre\lib\jce.jar;C:\Program Files\Java\jdk1.8.0_221\jre\lib\charsets.jar;C:\Program Files\Java\jdk1.8.0_221\jre\lib\jfr.jar;C:\Program Files\Java\jdk1.8.0_221\jre\classes"/>
    <property name="user.script" value=""/>
    <property name="sun.management.compiler" value="HotSpot 64-Bit Tiered Compilers"/>
    <property name="java.runtime.version" value="1.8.0_221-b11"/>
    <property name="user.name" value="ballachakri"/>
    <property name="path.separator" value=";"/>
    <property name="platform" value="local"/>
    <property name="os.version" value="10.0"/>
    <property name="java.endorsed.dirs" value="C:\Program Files\Java\jdk1.8.0_221\jre\lib\endorsed"/>
    <property name="java.runtime.name" value="Java(TM) SE Runtime Environment"/>
    <property name="file.encoding" value="Cp1252"/>
    <property name="browser" value="chrome"/>
    <property name="java.vm.name" value="Java HotSpot(TM) 64-Bit Server VM"/>
    <property name="localRepository" value="C:\Users\sball\.m2\repository"/>
    <property name="java.vendor.url.bug" value="http://bugreport.sun.com/bugreport/"/>
    <property name="java.io.tmpdir" value="C:\Users\sball\AppData\Local\Temp\"/>
    <property name="java.version" value="1.8.0_221"/>
    <property name="user.dir" value="C:\Users\sball\IdeaProjects\next"/>
    <property name="os.arch" value="amd64"/>
    <property name="java.vm.specification.name" value="Java Virtual Machine Specification"/>
    <property name="java.awt.printerjob" value="sun.awt.windows.WPrinterJob"/>
    <property name="env" value="test"/>
    <property name="sun.os.patch.level" value=""/>
    <property name="java.library.path" value="C:\Program Files\Java\jdk1.8.0_221\jre\bin;C:\WINDOWS\Sun\Java\bin;C:\WINDOWS\system32;C:\WINDOWS;C:\Program Files (x86)\Common Files\Oracle\Java\javapath;C:\WINDOWS\system32;C:\WINDOWS;C:\WINDOWS\System32\Wbem;C:\WINDOWS\System32\WindowsPowerShell\v1.0\;C:\WINDOWS\System32\OpenSSH\;C:\Program Files\Java\jdk1.8.0_221\bin;C:\Users\sball\Downloads\maven\bin;C:\Program Files\Git\cmd;C:\Users\sball\AppData\Local\Android\Sdk\build-tools;C:\Users\sball\AppData\Local\Android\Sdk\platform-tools;C:\Users\sball\AppData\Local\Android\Sdk\tools;C:\Program Files\MySQL\MySQL Shell 8.0\bin\;C:\Users\sball\AppData\Local\Microsoft\WindowsApps;C:\Program Files\JetBrains\IntelliJ IDEA Community Edition 2019.2.3\bin;C:\Users\sball\Downloads\selenium-java-3.141.59;C:\Users\sball\Downloads\BrowserDrivers&quot;;C:\Program Files (x86)\Common Files\Oracle\Java\javapath;C:\WINDOWS\system32;C:\WINDOWS;C:\WINDOWS\System32\Wbem;C:\WINDOWS\System32\WindowsPowerShell\v1.0\;C:\WINDOWS\System32\OpenSSH\;C:\Program Files\Java\jdk1.8.0_221\bin;C:\Users\sball\Downloads\maven\bin;C:\Program Files\Git\cmd;C:\Users\sball\AppData\Local\Android\Sdk\build-tools;C:\Users\sball\AppData\Local\Android\Sdk\platform-tools;C:\Users\sball\AppData\Local\Android\Sdk\tools;C:\Program Files\MySQL\MySQL Shell 8.0\bin\;C:\Users\sball\AppData\Local\Microsoft\WindowsApps;C:\Program Files\JetBrains\IntelliJ IDEA Community Edition 2019.2.3\bin;C:\Users\sball\Downloads\selenium-java-3.141.59&quot;;."/>
    <property name="java.vm.info" value="mixed mode"/>
    <property name="java.vendor" value="Oracle Corporation"/>
    <property name="java.vm.version" value="25.221-b11"/>
    <property name="java.ext.dirs" value="C:\Program Files\Java\jdk1.8.0_221\jre\lib\ext;C:\WINDOWS\Sun\Java\lib\ext"/>
    <property name="sun.io.unicode.encoding" value="UnicodeLittle"/>
    <property name="java.class.version" value="52.0"/>
  </properties>
  <testcase name="should be able to sort a product" classname="SHOULD BE ABLE TO SORT PRODUCT" time="44.561">
    <failure message="Product are sorted incorrectly, please investigate&#10;Expected: a string containing &quot;shirt&quot; ignoring case&#10;     but: was &quot;White 2 Pack Long Sleeve Formal Blouse (3-16yrs)&quot;" type="java.lang.AssertionError">java.lang.AssertionError: 
Product are sorted incorrectly, please investigate
Expected: a string containing "shirt" ignoring case
     but: was "White 2 Pack Long Sleeve Formal Blouse (3-16yrs)"
</failure>
    <system-out><![CDATA[348386 [Finalizer] DEBUG org.apache.http.impl.conn.PoolingHttpClientConnectionManager  - Connection manager is shutting down
 348388 [Finalizer] DEBUG org.apache.http.impl.conn.PoolingHttpClientConnectionManager  - Connection manager shut down
 348399 [Finalizer] DEBUG org.apache.http.impl.conn.PoolingHttpClientConnectionManager  - Connection manager is shutting down
 348400 [Finalizer] DEBUG org.apache.http.impl.conn.PoolingHttpClientConnectionManager  - Connection manager shut down
 348417 [Finalizer] DEBUG org.apache.http.impl.conn.PoolingHttpClientConnectionManager  - Connection manager is shutting down
 348418 [Finalizer] DEBUG org.apache.http.impl.conn.PoolingHttpClientConnectionManager  - Connection manager shut down
 422702 [Finalizer] DEBUG org.apache.http.impl.conn.PoolingHttpClientConnectionManager  - Connection manager is shutting down
 422707 [Finalizer] DEBUG org.apache.http.impl.conn.PoolingHttpClientConnectionManager  - Connection manager shut down
 
&amp#27;[31mFailed scenarios:&amp#27;[0m
&amp#27;[31msrc/test/java/com/next/resources/features/ShouldBeAbleToSortProduct.feature:13 &amp#27;[0m# should be able to sort a product
&amp#27;[31msrc/test/java/com/next/resources/features/ShouldBeAbleToSortProduct.feature:14 &amp#27;[0m# should be able to sort a product

6 Scenarios (&amp#27;[31m2 failed&amp#27;[0m, &amp#27;[32m4 passed&amp#27;[0m)
26 Steps (&amp#27;[31m2 failed&amp#27;[0m, &amp#27;[32m24 passed&amp#27;[0m)
7m4.481s

java.lang.AssertionError: Product are sorted incorrectly, please investigate
Expected: a string containing "shirt" ignoring case
     but: was "White 2 Pack Long Sleeve Formal Blouse (3-16yrs)"
	at org.hamcrest.MatcherAssert.assertThat(MatcherAssert.java:18)
	at com.next.steps.ShouldBeAbleToSortProductSteps.i_should_view_all_products_in_a_sorting_order_of(ShouldBeAbleToSortProductSteps.java:43)
	at ?.I should view all products in a sorting order of "Most Relevant"(src/test/java/com/next/resources/features/ShouldBeAbleToSortProduct.feature:9)

java.util.NoSuchElementException
	at java.util.HashMap$HashIterator.nextNode(HashMap.java:1447)
	at java.util.HashMap$KeyIterator.next(HashMap.java:1469)
	at java.util.Collections.min(Collections.java:598)
	at com.next.steps.ShouldBeAbleToSortProductSteps.i_should_view_all_products_in_a_sorting_order_of(ShouldBeAbleToSortProductSteps.java:50)
	at ?.I should view all products in a sorting order of "Price: Low - High"(src/test/java/com/next/resources/features/ShouldBeAbleToSortProduct.feature:9)

348311 [pool-1-thread-1] INFO  com.next.utils.Logs  - .......................Test Started..........................................................!
 Current Running Thread ID  is    :    12
The Tests will be executing on the Browser : 'chrome' 
The Tests will be executing on the Platform : 'local' 
The Tests will be executing on test environment : 'test' 
371149 [pool-1-thread-1] INFO  com.next.utils.Logs  - >>>>>>>>>>>>>>>> : com.next.steps.ShouldBeAbleToSearchProductSteps : STEPS ARE BEING EXECUTING.........................!
 371151 [pool-1-thread-1] INFO  com.next.utils.Logs  - >>>>>>> com.next.steps.ShouldBeAbleToSortProductSteps STEPS ARE BEING EXECUTING.........................!
 HOME PAGE : ITEM SEARCHED    :  shirt
391787 [pool-1-thread-1] INFO  com.next.utils.Logs  - .......................Test Ended............................................................!
 ]]></system-out>
    <system-err><![CDATA[Starting ChromeDriver 79.0.3945.36 (3582db32b33893869b8c1339e8f4d9ed1816f143-refs/branch-heads/3945@{#614}) on port 31433
Only local connections are allowed.
Please protect ports used by ChromeDriver and related test frameworks to prevent access by malicious code.
[1577469451.200][WARNING]: Timed out connecting to Chrome, retrying...
Dec 27, 2019 5:57:33 PM org.openqa.selenium.remote.ProtocolHandshake createSession
INFO: Detected dialect: W3C
[1577469468.116][WARNING]: Timed out connecting to Chrome, retrying...
]]></system-err>
  </testcase>
  <testcase name="should be able to sort a product" classname="SHOULD BE ABLE TO SORT PRODUCT" time="30.965">
    <error type="java.util.NoSuchElementException">java.util.NoSuchElementException
</error>
    <system-out><![CDATA[392785 [pool-1-thread-1] INFO  com.next.utils.Logs  - .......................Test Started..........................................................!
 Current Running Thread ID  is    :    12
The Tests will be executing on the Browser : 'chrome' 
The Tests will be executing on the Platform : 'local' 
The Tests will be executing on test environment : 'test' 
408257 [pool-1-thread-1] INFO  com.next.utils.Logs  - >>>>>>>>>>>>>>>> : com.next.steps.ShouldBeAbleToSearchProductSteps : STEPS ARE BEING EXECUTING.........................!
 408258 [pool-1-thread-1] INFO  com.next.utils.Logs  - >>>>>>> com.next.steps.ShouldBeAbleToSortProductSteps STEPS ARE BEING EXECUTING.........................!
 HOME PAGE : ITEM SEARCHED    :  shirt
ALL PRICE LIST : []
422862 [pool-1-thread-1] INFO  com.next.utils.Logs  - .......................Test Ended............................................................!
 ]]></system-out>
    <system-err><![CDATA[Starting ChromeDriver 79.0.3945.36 (3582db32b33893869b8c1339e8f4d9ed1816f143-refs/branch-heads/3945@{#614}) on port 47429
Only local connections are allowed.
Please protect ports used by ChromeDriver and related test frameworks to prevent access by malicious code.
[1577469495.505][WARNING]: Timed out connecting to Chrome, retrying...
Dec 27, 2019 5:58:17 PM org.openqa.selenium.remote.ProtocolHandshake createSession
INFO: Detected dialect: W3C
[1577469505.239][WARNING]: Timed out connecting to Chrome, retrying...
]]></system-err>
  </testcase>
</testsuite>